{
  "stats": {
    "suites": 1,
    "tests": 7,
    "passes": 7,
    "pending": 0,
    "failures": 0,
    "start": "2021-05-06T14:23:36.136Z",
    "end": "2021-05-06T14:23:40.321Z",
    "duration": 4185,
    "testsRegistered": 7,
    "passPercent": 100,
    "pendingPercent": 0,
    "other": 0,
    "hasOther": false,
    "skipped": 0,
    "hasSkipped": false
  },
  "results": [
    {
      "uuid": "d3597e7d-5527-4135-87b8-3d98d4aefa9a",
      "title": "",
      "fullFile": "cypress\\integration\\backend-auth.spec.js",
      "file": "cypress\\integration\\backend-auth.spec.js",
      "beforeHooks": [],
      "afterHooks": [],
      "tests": [],
      "suites": [
        {
          "uuid": "66a5d52e-fb6b-4eb9-9563-08ea80df69b2",
          "title": "test suite",
          "fullFile": "",
          "file": "",
          "beforeHooks": [],
          "afterHooks": [],
          "tests": [
            {
              "title": "Create a new room",
              "fullTitle": "test suite Create a new room",
              "timedOut": null,
              "duration": 710,
              "state": "passed",
              "speed": "slow",
              "pass": true,
              "fail": false,
              "pending": false,
              "context": null,
              "code": "roomHelpers.createRoomRequest(cy);",
              "err": {},
              "uuid": "a4142d3b-9ff8-4102-bf9a-a561920849f8",
              "parentUUID": "66a5d52e-fb6b-4eb9-9563-08ea80df69b2",
              "isHook": false,
              "skipped": false
            },
            {
              "title": "Get all rooms",
              "fullTitle": "test suite Get all rooms",
              "timedOut": null,
              "duration": 548,
              "state": "passed",
              "speed": "slow",
              "pass": true,
              "fail": false,
              "pending": false,
              "context": null,
              "code": "roomHelpers.getAllRoomsRequest(cy);",
              "err": {},
              "uuid": "6dcd0ffd-b548-4bd5-a168-d6895f5c5394",
              "parentUUID": "66a5d52e-fb6b-4eb9-9563-08ea80df69b2",
              "isHook": false,
              "skipped": false
            },
            {
              "title": "Create a room and delete it",
              "fullTitle": "test suite Create a room and delete it",
              "timedOut": null,
              "duration": 573,
              "state": "passed",
              "speed": "slow",
              "pass": true,
              "fail": false,
              "pending": false,
              "context": null,
              "code": "roomHelpers.createRoomRequestAndDelete(cy);",
              "err": {},
              "uuid": "56d9ff74-f64b-4a8f-8b3a-93e1b5bb47a6",
              "parentUUID": "66a5d52e-fb6b-4eb9-9563-08ea80df69b2",
              "isHook": false,
              "skipped": false
            },
            {
              "title": "Create a room and edit it",
              "fullTitle": "test suite Create a room and edit it",
              "timedOut": null,
              "duration": 588,
              "state": "passed",
              "speed": "slow",
              "pass": true,
              "fail": false,
              "pending": false,
              "context": null,
              "code": "roomHelpers.createRoomRequestAndEdit(cy);",
              "err": {},
              "uuid": "9ca88fae-de85-43b7-ba97-f8417d4d5b12",
              "parentUUID": "66a5d52e-fb6b-4eb9-9563-08ea80df69b2",
              "isHook": false,
              "skipped": false
            },
            {
              "title": "Create a new client",
              "fullTitle": "test suite Create a new client",
              "timedOut": null,
              "duration": 572,
              "state": "passed",
              "speed": "slow",
              "pass": true,
              "fail": false,
              "pending": false,
              "context": null,
              "code": "clientHelpers.createClientRequest(cy);",
              "err": {},
              "uuid": "01654f88-b6c9-428d-a8f7-73bee1d66359",
              "parentUUID": "66a5d52e-fb6b-4eb9-9563-08ea80df69b2",
              "isHook": false,
              "skipped": false
            },
            {
              "title": "Get all clients",
              "fullTitle": "test suite Get all clients",
              "timedOut": null,
              "duration": 547,
              "state": "passed",
              "speed": "slow",
              "pass": true,
              "fail": false,
              "pending": false,
              "context": null,
              "code": "clientHelpers.getAllClientsRequest(cy);",
              "err": {},
              "uuid": "ed6a80ec-f0a1-4073-86de-fdc803d4ad60",
              "parentUUID": "66a5d52e-fb6b-4eb9-9563-08ea80df69b2",
              "isHook": false,
              "skipped": false
            },
            {
              "title": "Create a client and delete it",
              "fullTitle": "test suite Create a client and delete it",
              "timedOut": null,
              "duration": 596,
              "state": "passed",
              "speed": "slow",
              "pass": true,
              "fail": false,
              "pending": false,
              "context": null,
              "code": "clientHelpers.createClientRequestAndDelete(cy);",
              "err": {},
              "uuid": "361d96b2-acf6-414c-a3f7-094666457df9",
              "parentUUID": "66a5d52e-fb6b-4eb9-9563-08ea80df69b2",
              "isHook": false,
              "skipped": false
            }
          ],
          "suites": [],
          "passes": [
            "a4142d3b-9ff8-4102-bf9a-a561920849f8",
            "6dcd0ffd-b548-4bd5-a168-d6895f5c5394",
            "56d9ff74-f64b-4a8f-8b3a-93e1b5bb47a6",
            "9ca88fae-de85-43b7-ba97-f8417d4d5b12",
            "01654f88-b6c9-428d-a8f7-73bee1d66359",
            "ed6a80ec-f0a1-4073-86de-fdc803d4ad60",
            "361d96b2-acf6-414c-a3f7-094666457df9"
          ],
          "failures": [],
          "pending": [],
          "skipped": [],
          "duration": 4134,
          "root": false,
          "rootEmpty": false,
          "_timeout": 2000
        }
      ],
      "passes": [],
      "failures": [],
      "pending": [],
      "skipped": [],
      "duration": 0,
      "root": true,
      "rootEmpty": true,
      "_timeout": 2000
    }
  ],
  "meta": {
    "mocha": {
      "version": "7.0.1"
    },
    "mochawesome": {
      "options": {
        "quiet": false,
        "reportFilename": "mochawesome",
        "saveHtml": true,
        "saveJson": true,
        "consoleReporter": "spec",
        "useInlineDiffs": false,
        "code": true
      },
      "version": "6.2.2"
    },
    "marge": {
      "options": {},
      "version": "5.2.0"
    }
  }
}